<?xml version="1.0" encoding="UTF-8"?>
<!-- Generated by org.testng.reporters.JUnitXMLReporter -->
<testsuite ignored="0" hostname="Kamalrajs-MacBook.local" failures="0" tests="3" name="Investec App Test" time="52.288" errors="0" timestamp="2022-09-24T10:14:59 SAST">
  <testcase classname="com.qa.test.InvestecHomePageTest" name="searchtest" time="0.425"/>
  <testcase classname="com.qa.test.SearchPageTest" name="enteringtextTest" time="7.856"/>
  <testcase classname="com.qa.test.FocusPageTest" name="signupTest" time="1.325"/>
</testsuite> <!-- Investec App Test -->
